Using pre-set license
Built from '2020.3/staging' branch; Version is '2020.3.33f1 (915a7af8b0d5) revision 9525882'; Using compiler version '192528614'; Build Type 'Release'
OS: 'Windows 11  (10.0.22000) 64bit CoreSingleLanguage' Language: 'es' Physical Memory: 16076 MB
BatchMode: 1, IsHumanControllingUs: 0, StartBugReporterOnCrash: 0, Is64bit: 1, IsPro: 0

COMMAND LINE ARGUMENTS:
C:\Program Files\Unity 2020.3.33f1\Editor\Unity.exe
-adb2
-batchMode
-noUpm
-name
AssetImportWorker0
-projectPath
C:/Users/danie/Documents/Unity/Repos/BreakOut/BreakOut
-logFile
Logs/AssetImportWorker0.log
-srvPort
54386
Successfully changed project path to: C:/Users/danie/Documents/Unity/Repos/BreakOut/BreakOut
C:/Users/danie/Documents/Unity/Repos/BreakOut/BreakOut
Using Asset Import Pipeline V2.
Refreshing native plugins compatible for Editor in 19.98 ms, found 2 plugins.
Preloading 0 native plugins for Editor in 0.00 ms.
Initialize engine version: 2020.3.33f1 (915a7af8b0d5)
[Subsystems] Discovering subsystems at path C:/Program Files/Unity 2020.3.33f1/Editor/Data/Resources/UnitySubsystems
[Subsystems] Discovering subsystems at path C:/Users/danie/Documents/Unity/Repos/BreakOut/BreakOut/Assets
GfxDevice: creating device client; threaded=0
Direct3D:
    Version:  Direct3D 11.0 [level 11.1]
    Renderer: NVIDIA GeForce RTX 3050 Laptop GPU (ID=0x25a2)
    Vendor:   
    VRAM:     3991 MB
    Driver:   31.0.15.1659
Initialize mono
Mono path[0] = 'C:/Program Files/Unity 2020.3.33f1/Editor/Data/Managed'
Mono path[1] = 'C:/Program Files/Unity 2020.3.33f1/Editor/Data/MonoBleedingEdge/lib/mono/unityjit'
Mono config path = 'C:/Program Files/Unity 2020.3.33f1/Editor/Data/MonoBleedingEdge/etc'
Using monoOptions --debugger-agent=transport=dt_socket,embedding=1,server=y,suspend=n,address=127.0.0.1:56304
Begin MonoManager ReloadAssembly
Registering precompiled unity dll's ...
Register platform support module: C:/Program Files/Unity 2020.3.33f1/Editor/Data/PlaybackEngines/WindowsStandaloneSupport/UnityEditor.WindowsStandalone.Extensions.dll
Registered in 0.001025 seconds.
Native extension for WindowsStandalone target not found
Refreshing native plugins compatible for Editor in 20.10 ms, found 2 plugins.
Preloading 0 native plugins for Editor in 0.00 ms.
Mono: successfully reloaded assembly
- Completed reload, in  0.330 seconds
Domain Reload Profiling:
	ReloadAssembly (330ms)
		BeginReloadAssembly (37ms)
			ExecutionOrderSort (0ms)
			DisableScriptedObjects (0ms)
			BackupInstance (0ms)
			ReleaseScriptingObjects (0ms)
			CreateAndSetChildDomain (0ms)
		EndReloadAssembly (249ms)
			LoadAssemblies (36ms)
			RebuildTransferFunctionScriptingTraits (0ms)
			SetupTypeCache (81ms)
			ReleaseScriptCaches (0ms)
			RebuildScriptCaches (17ms)
			SetupLoadedEditorAssemblies (92ms)
				LogAssemblyErrors (0ms)
				InitializePlatformSupportModulesInManaged (3ms)
				SetLoadedEditorAssemblies (0ms)
				RefreshPlugins (20ms)
				BeforeProcessingInitializeOnLoad (5ms)
				ProcessInitializeOnLoadAttributes (48ms)
				ProcessInitializeOnLoadMethodAttributes (16ms)
				AfterProcessingInitializeOnLoad (0ms)
				EditorAssembliesLoaded (0ms)
			ExecutionOrderSort2 (0ms)
			AwakeInstancesAfterBackupRestoration (0ms)
Platform modules already initialized, skipping
Registering precompiled user dll's ...
Registered in 0.001281 seconds.
Begin MonoManager ReloadAssembly
Symbol file LoadedFromMemory doesn't match image C:\Users\danie\Documents\Unity\Repos\BreakOut\BreakOut\Library\PackageCache\com.unity.collab-proxy@1.15.15\Lib\Editor\PlasticSCM\unityplastic.dll
Native extension for WindowsStandalone target not found
Refreshing native plugins compatible for Editor in 0.22 ms, found 2 plugins.
Preloading 0 native plugins for Editor in 0.00 ms.
Mono: successfully reloaded assembly
- Completed reload, in  0.552 seconds
Domain Reload Profiling:
	ReloadAssembly (552ms)
		BeginReloadAssembly (86ms)
			ExecutionOrderSort (0ms)
			DisableScriptedObjects (3ms)
			BackupInstance (0ms)
			ReleaseScriptingObjects (0ms)
			CreateAndSetChildDomain (11ms)
		EndReloadAssembly (430ms)
			LoadAssemblies (56ms)
			RebuildTransferFunctionScriptingTraits (0ms)
			SetupTypeCache (143ms)
			ReleaseScriptCaches (0ms)
			RebuildScriptCaches (22ms)
			SetupLoadedEditorAssemblies (167ms)
				LogAssemblyErrors (0ms)
				InitializePlatformSupportModulesInManaged (3ms)
				SetLoadedEditorAssemblies (0ms)
				RefreshPlugins (0ms)
				BeforeProcessingInitializeOnLoad (29ms)
				ProcessInitializeOnLoadAttributes (126ms)
				ProcessInitializeOnLoadMethodAttributes (6ms)
				AfterProcessingInitializeOnLoad (2ms)
				EditorAssembliesLoaded (0ms)
			ExecutionOrderSort2 (0ms)
			AwakeInstancesAfterBackupRestoration (4ms)
Platform modules already initialized, skipping
========================================================================
Worker process is ready to serve import requests
Launched and connected shader compiler UnityShaderCompiler.exe after 0.03 seconds
Refreshing native plugins compatible for Editor in 0.24 ms, found 2 plugins.
Preloading 0 native plugins for Editor in 0.00 ms.
Unloading 1508 Unused Serialized files (Serialized files now loaded: 0)
System memory in use before: 68.6 MB.
System memory in use after: 68.6 MB.

Unloading 16 unused Assets to reduce memory usage. Loaded Objects now: 1944.
Total: 1.899100 ms (FindLiveObjects: 0.074700 ms CreateObjectMapping: 0.026400 ms MarkObjects: 1.750500 ms  DeleteObjects: 0.046400 ms)

AssetImportParameters requested are different than current active one (requested -> active):
  custom:framework-win-MediaFoundation: 216162199b28c13a410421893ffa2e32 -> 
  custom:video-decoder-ogg-theora: a1e56fd34408186e4bbccfd4996cb3dc -> 
  custom:container-muxer-webm: aa71ff27fc2769a1b78a27578f13a17b -> 
  custom:container-demuxer-webm: 4f35f7cbe854078d1ac9338744f61a02 -> 
  custom:container-demuxer-ogg: 62fdf1f143b41e24485cea50d1cbac27 -> 
  custom:video-encoder-webm-vp8: eb34c28f22e8b96e1ab97ce403110664 -> 
  custom:video-codec-MediaFoundation-h265: 746d11721c4dcdbdad8f713fa42b33f4 -> 
  custom:video-decoder-webm-vp8: 9c59270c3fd7afecdb556c50c9e8de78 -> 
  custom:audio-decoder-ogg-vorbis: bf7c407c2cedff20999df2af8eb42d56 -> 
  custom:audio-encoder-webm-vorbis: bf7c407c2cedff20999df2af8eb42d56 -> 
========================================================================
Received Import Request.
  path: Assets/Scenes/SampleScene.unity
  artifactKey: Guid(9fc0d4010bbf28b4594072e72b8655ab) Importer(815301076,1909f56bfc062723c751e8b465ee728b)
Start importing Assets/Scenes/SampleScene.unity using Guid(9fc0d4010bbf28b4594072e72b8655ab) Importer(815301076,1909f56bfc062723c751e8b465ee728b)  -> (artifact id: 'eabca72b6edffa282cb8f4e64aad18b0') in 0.003596 seconds 
========================================================================
Received Import Request.
  Time since last request: 280.990348 seconds.
  path: Assets/Scenes/Nivel1.unity
  artifactKey: Guid(9fc0d4010bbf28b4594072e72b8655ab) Importer(815301076,1909f56bfc062723c751e8b465ee728b)
Start importing Assets/Scenes/Nivel1.unity using Guid(9fc0d4010bbf28b4594072e72b8655ab) Importer(815301076,1909f56bfc062723c751e8b465ee728b)  -> (artifact id: '45ff78e84724377ae9aa64b8a70e4884') in 0.001883 seconds 
========================================================================
Received Import Request.
  Time since last request: 6.100630 seconds.
  path: Assets/Scenes/_Nivel1.unity
  artifactKey: Guid(9fc0d4010bbf28b4594072e72b8655ab) Importer(815301076,1909f56bfc062723c751e8b465ee728b)
Start importing Assets/Scenes/_Nivel1.unity using Guid(9fc0d4010bbf28b4594072e72b8655ab) Importer(815301076,1909f56bfc062723c751e8b465ee728b)  -> (artifact id: '383bebb1784b49cba5b85aec396445c3') in 0.001537 seconds 
========================================================================
Received Import Request.
  Time since last request: 33.024420 seconds.
  path: Assets/Scenes/_Nivel1 1.unity
  artifactKey: Guid(4e59c4805afe2a947829793f21e32d76) Importer(815301076,1909f56bfc062723c751e8b465ee728b)
Start importing Assets/Scenes/_Nivel1 1.unity using Guid(4e59c4805afe2a947829793f21e32d76) Importer(815301076,1909f56bfc062723c751e8b465ee728b)  -> (artifact id: '5d6bcf64330ba87c357fef61ca5325e6') in 0.001442 seconds 
========================================================================
Received Import Request.
  Time since last request: 0.789333 seconds.
  path: Assets/Scenes/_Nivel1 2.unity
  artifactKey: Guid(282af55466766904ba929c3f7769022a) Importer(815301076,1909f56bfc062723c751e8b465ee728b)
Start importing Assets/Scenes/_Nivel1 2.unity using Guid(282af55466766904ba929c3f7769022a) Importer(815301076,1909f56bfc062723c751e8b465ee728b)  -> (artifact id: '97a52484578317a7c795fc114a88dc4c') in 0.001481 seconds 
========================================================================
Received Import Request.
  Time since last request: 23.495741 seconds.
  path: Assets/Scenes/Nivel 1.unity
  artifactKey: Guid(9fc0d4010bbf28b4594072e72b8655ab) Importer(815301076,1909f56bfc062723c751e8b465ee728b)
Start importing Assets/Scenes/Nivel 1.unity using Guid(9fc0d4010bbf28b4594072e72b8655ab) Importer(815301076,1909f56bfc062723c751e8b465ee728b)  -> (artifact id: '001a3c90730f8d163d0889348acdad55') in 0.001801 seconds 
========================================================================
Received Import Request.
  Time since last request: 0.939374 seconds.
  path: Assets/Scenes/Nivel 2.unity
  artifactKey: Guid(287228432ff35964fac29980265c9f06) Importer(815301076,1909f56bfc062723c751e8b465ee728b)
Start importing Assets/Scenes/Nivel 2.unity using Guid(287228432ff35964fac29980265c9f06) Importer(815301076,1909f56bfc062723c751e8b465ee728b)  -> (artifact id: '02e73f5441a8f5a1689e0d05469f96d9') in 0.001571 seconds 
========================================================================
Received Import Request.
  Time since last request: 77.630225 seconds.
  path: Assets
  artifactKey: Guid(00000000000000001000000000000000) Importer(815301076,1909f56bfc062723c751e8b465ee728b)
Start importing Assets using Guid(00000000000000001000000000000000) Importer(815301076,1909f56bfc062723c751e8b465ee728b)  -> (artifact id: '42d402b061de3733987d63b9cc3b64de') in 0.001248 seconds 
========================================================================
Received Import Request.
  Time since last request: 22.218075 seconds.
  path: Assets/_Scripts
  artifactKey: Guid(40684f0585a07bc45ba936d63f8f965c) Importer(815301076,1909f56bfc062723c751e8b465ee728b)
Start importing Assets/_Scripts using Guid(40684f0585a07bc45ba936d63f8f965c) Importer(815301076,1909f56bfc062723c751e8b465ee728b)  -> (artifact id: 'f267658cec86d98170e4c69c86f61335') in 0.001688 seconds 
========================================================================
Received Import Request.
  Time since last request: 8.253769 seconds.
  path: Assets/_Materials
  artifactKey: Guid(9366c502bf654b14ab0d25d5a4335aa8) Importer(815301076,1909f56bfc062723c751e8b465ee728b)
Start importing Assets/_Materials using Guid(9366c502bf654b14ab0d25d5a4335aa8) Importer(815301076,1909f56bfc062723c751e8b465ee728b)  -> (artifact id: '12c3d7868bed60e1d6329aa0a8ac6518') in 0.002306 seconds 
========================================================================
Received Import Request.
  Time since last request: 17.509610 seconds.
  path: Assets/_Prefabs
  artifactKey: Guid(76129f923a6888f4cad320d5221122ec) Importer(815301076,1909f56bfc062723c751e8b465ee728b)
Start importing Assets/_Prefabs using Guid(76129f923a6888f4cad320d5221122ec) Importer(815301076,1909f56bfc062723c751e8b465ee728b)  -> (artifact id: '21feaaf3314b241ec18a4e4962c5ce44') in 0.001598 seconds 
========================================================================
Received Import Request.
  Time since last request: 23.824872 seconds.
  path: Assets/_Scripts/Bloque.cs
  artifactKey: Guid(1015325366c25b840ab8069ca8099690) Importer(815301076,1909f56bfc062723c751e8b465ee728b)
Start importing Assets/_Scripts/Bloque.cs using Guid(1015325366c25b840ab8069ca8099690) Importer(815301076,1909f56bfc062723c751e8b465ee728b)  -> (artifact id: 'b947a16a58955951d8c2e3cc663628cc') in 0.017837 seconds 
========================================================================
Received Prepare
Registering precompiled user dll's ...
Registered in 0.001085 seconds.
Begin MonoManager ReloadAssembly
Symbol file LoadedFromMemory doesn't match image C:\Users\danie\Documents\Unity\Repos\BreakOut\BreakOut\Library\PackageCache\com.unity.collab-proxy@1.15.15\Lib\Editor\PlasticSCM\unityplastic.dll
Native extension for WindowsStandalone target not found
Refreshing native plugins compatible for Editor in 0.24 ms, found 2 plugins.
Preloading 0 native plugins for Editor in 0.00 ms.
Mono: successfully reloaded assembly
- Completed reload, in  0.530 seconds
Domain Reload Profiling:
	ReloadAssembly (530ms)
		BeginReloadAssembly (73ms)
			ExecutionOrderSort (0ms)
			DisableScriptedObjects (3ms)
			BackupInstance (0ms)
			ReleaseScriptingObjects (0ms)
			CreateAndSetChildDomain (21ms)
		EndReloadAssembly (422ms)
			LoadAssemblies (54ms)
			RebuildTransferFunctionScriptingTraits (0ms)
			SetupTypeCache (160ms)
			ReleaseScriptCaches (1ms)
			RebuildScriptCaches (19ms)
			SetupLoadedEditorAssemblies (147ms)
				LogAssemblyErrors (0ms)
				InitializePlatformSupportModulesInManaged (3ms)
				SetLoadedEditorAssemblies (0ms)
				RefreshPlugins (0ms)
				BeforeProcessingInitializeOnLoad (27ms)
				ProcessInitializeOnLoadAttributes (110ms)
				ProcessInitializeOnLoadMethodAttributes (5ms)
				AfterProcessingInitializeOnLoad (2ms)
				EditorAssembliesLoaded (0ms)
			ExecutionOrderSort2 (0ms)
			AwakeInstancesAfterBackupRestoration (4ms)
Platform modules already initialized, skipping
Refreshing native plugins compatible for Editor in 0.20 ms, found 2 plugins.
Preloading 0 native plugins for Editor in 0.00 ms.
Unloading 1503 Unused Serialized files (Serialized files now loaded: 0)
System memory in use before: 68.5 MB.
System memory in use after: 68.6 MB.

Unloading 11 unused Assets to reduce memory usage. Loaded Objects now: 1948.
Total: 1.769800 ms (FindLiveObjects: 0.070600 ms CreateObjectMapping: 0.038400 ms MarkObjects: 1.644500 ms  DeleteObjects: 0.015600 ms)

AssetImportParameters requested are different than current active one (requested -> active):
  custom:framework-win-MediaFoundation: 216162199b28c13a410421893ffa2e32 -> 
  custom:video-decoder-ogg-theora: a1e56fd34408186e4bbccfd4996cb3dc -> 
  custom:container-muxer-webm: aa71ff27fc2769a1b78a27578f13a17b -> 
  custom:container-demuxer-webm: 4f35f7cbe854078d1ac9338744f61a02 -> 
  custom:container-demuxer-ogg: 62fdf1f143b41e24485cea50d1cbac27 -> 
  custom:video-encoder-webm-vp8: eb34c28f22e8b96e1ab97ce403110664 -> 
  custom:video-codec-MediaFoundation-h265: 746d11721c4dcdbdad8f713fa42b33f4 -> 
  custom:video-decoder-webm-vp8: 9c59270c3fd7afecdb556c50c9e8de78 -> 
  custom:audio-decoder-ogg-vorbis: bf7c407c2cedff20999df2af8eb42d56 -> 
  custom:audio-encoder-webm-vorbis: bf7c407c2cedff20999df2af8eb42d56 -> 
========================================================================
Received Import Request.
  Time since last request: 11.747045 seconds.
  path: Assets/_Scripts/Bola.cs
  artifactKey: Guid(85e08c3a4a135414eb70820e77b8f4a9) Importer(815301076,1909f56bfc062723c751e8b465ee728b)
Start importing Assets/_Scripts/Bola.cs using Guid(85e08c3a4a135414eb70820e77b8f4a9) Importer(815301076,1909f56bfc062723c751e8b465ee728b)  -> (artifact id: 'edc42badf63d640df3f2022dc0b224fd') in 0.003662 seconds 
========================================================================
Received Prepare
Registering precompiled user dll's ...
Registered in 0.001892 seconds.
Begin MonoManager ReloadAssembly
Symbol file LoadedFromMemory doesn't match image C:\Users\danie\Documents\Unity\Repos\BreakOut\BreakOut\Library\PackageCache\com.unity.collab-proxy@1.15.15\Lib\Editor\PlasticSCM\unityplastic.dll
Native extension for WindowsStandalone target not found
Refreshing native plugins compatible for Editor in 0.24 ms, found 2 plugins.
Preloading 0 native plugins for Editor in 0.00 ms.
Mono: successfully reloaded assembly
- Completed reload, in  0.544 seconds
Domain Reload Profiling:
	ReloadAssembly (545ms)
		BeginReloadAssembly (73ms)
			ExecutionOrderSort (0ms)
			DisableScriptedObjects (3ms)
			BackupInstance (0ms)
			ReleaseScriptingObjects (0ms)
			CreateAndSetChildDomain (21ms)
		EndReloadAssembly (436ms)
			LoadAssemblies (57ms)
			RebuildTransferFunctionScriptingTraits (0ms)
			SetupTypeCache (153ms)
			ReleaseScriptCaches (1ms)
			RebuildScriptCaches (21ms)
			SetupLoadedEditorAssemblies (162ms)
				LogAssemblyErrors (0ms)
				InitializePlatformSupportModulesInManaged (3ms)
				SetLoadedEditorAssemblies (0ms)
				RefreshPlugins (0ms)
				BeforeProcessingInitializeOnLoad (31ms)
				ProcessInitializeOnLoadAttributes (120ms)
				ProcessInitializeOnLoadMethodAttributes (5ms)
				AfterProcessingInitializeOnLoad (2ms)
				EditorAssembliesLoaded (0ms)
			ExecutionOrderSort2 (0ms)
			AwakeInstancesAfterBackupRestoration (3ms)
Platform modules already initialized, skipping
Refreshing native plugins compatible for Editor in 0.21 ms, found 2 plugins.
Preloading 0 native plugins for Editor in 0.00 ms.
Unloading 1504 Unused Serialized files (Serialized files now loaded: 0)
System memory in use before: 68.5 MB.
System memory in use after: 68.6 MB.

Unloading 11 unused Assets to reduce memory usage. Loaded Objects now: 1952.
Total: 1.692200 ms (FindLiveObjects: 0.106400 ms CreateObjectMapping: 0.032900 ms MarkObjects: 1.537100 ms  DeleteObjects: 0.015100 ms)

AssetImportParameters requested are different than current active one (requested -> active):
  custom:framework-win-MediaFoundation: 216162199b28c13a410421893ffa2e32 -> 
  custom:video-decoder-ogg-theora: a1e56fd34408186e4bbccfd4996cb3dc -> 
  custom:container-muxer-webm: aa71ff27fc2769a1b78a27578f13a17b -> 
  custom:container-demuxer-webm: 4f35f7cbe854078d1ac9338744f61a02 -> 
  custom:container-demuxer-ogg: 62fdf1f143b41e24485cea50d1cbac27 -> 
  custom:video-encoder-webm-vp8: eb34c28f22e8b96e1ab97ce403110664 -> 
  custom:video-codec-MediaFoundation-h265: 746d11721c4dcdbdad8f713fa42b33f4 -> 
  custom:video-decoder-webm-vp8: 9c59270c3fd7afecdb556c50c9e8de78 -> 
  custom:audio-decoder-ogg-vorbis: bf7c407c2cedff20999df2af8eb42d56 -> 
  custom:audio-encoder-webm-vorbis: bf7c407c2cedff20999df2af8eb42d56 -> 
========================================================================
Received Import Request.
  Time since last request: 11.046511 seconds.
  path: Assets/_Scripts/Jugador.cs
  artifactKey: Guid(2a25e5216b62b22478cdd4f2c2fd0e52) Importer(815301076,1909f56bfc062723c751e8b465ee728b)
Start importing Assets/_Scripts/Jugador.cs using Guid(2a25e5216b62b22478cdd4f2c2fd0e52) Importer(815301076,1909f56bfc062723c751e8b465ee728b)  -> (artifact id: 'ae08f91a389a3e32e78113b36c727247') in 0.003413 seconds 
========================================================================
Received Prepare
Registering precompiled user dll's ...
Registered in 0.001346 seconds.
Begin MonoManager ReloadAssembly
Symbol file LoadedFromMemory doesn't match image C:\Users\danie\Documents\Unity\Repos\BreakOut\BreakOut\Library\PackageCache\com.unity.collab-proxy@1.15.15\Lib\Editor\PlasticSCM\unityplastic.dll
Native extension for WindowsStandalone target not found
Refreshing native plugins compatible for Editor in 0.22 ms, found 2 plugins.
Preloading 0 native plugins for Editor in 0.00 ms.
Mono: successfully reloaded assembly
- Completed reload, in  0.555 seconds
Domain Reload Profiling:
	ReloadAssembly (555ms)
		BeginReloadAssembly (74ms)
			ExecutionOrderSort (0ms)
			DisableScriptedObjects (3ms)
			BackupInstance (0ms)
			ReleaseScriptingObjects (0ms)
			CreateAndSetChildDomain (20ms)
		EndReloadAssembly (448ms)
			LoadAssemblies (61ms)
			RebuildTransferFunctionScriptingTraits (0ms)
			SetupTypeCache (158ms)
			ReleaseScriptCaches (1ms)
			RebuildScriptCaches (20ms)
			SetupLoadedEditorAssemblies (166ms)
				LogAssemblyErrors (0ms)
				InitializePlatformSupportModulesInManaged (3ms)
				SetLoadedEditorAssemblies (0ms)
				RefreshPlugins (0ms)
				BeforeProcessingInitializeOnLoad (28ms)
				ProcessInitializeOnLoadAttributes (125ms)
				ProcessInitializeOnLoadMethodAttributes (6ms)
				AfterProcessingInitializeOnLoad (3ms)
				EditorAssembliesLoaded (0ms)
			ExecutionOrderSort2 (0ms)
			AwakeInstancesAfterBackupRestoration (4ms)
Platform modules already initialized, skipping
Refreshing native plugins compatible for Editor in 0.22 ms, found 2 plugins.
Preloading 0 native plugins for Editor in 0.00 ms.
Unloading 1505 Unused Serialized files (Serialized files now loaded: 0)
System memory in use before: 68.6 MB.
System memory in use after: 68.7 MB.

Unloading 11 unused Assets to reduce memory usage. Loaded Objects now: 1956.
Total: 1.940900 ms (FindLiveObjects: 0.070700 ms CreateObjectMapping: 0.025800 ms MarkObjects: 1.823300 ms  DeleteObjects: 0.020200 ms)

AssetImportParameters requested are different than current active one (requested -> active):
  custom:framework-win-MediaFoundation: 216162199b28c13a410421893ffa2e32 -> 
  custom:video-decoder-ogg-theora: a1e56fd34408186e4bbccfd4996cb3dc -> 
  custom:container-muxer-webm: aa71ff27fc2769a1b78a27578f13a17b -> 
  custom:container-demuxer-webm: 4f35f7cbe854078d1ac9338744f61a02 -> 
  custom:container-demuxer-ogg: 62fdf1f143b41e24485cea50d1cbac27 -> 
  custom:video-encoder-webm-vp8: eb34c28f22e8b96e1ab97ce403110664 -> 
  custom:video-codec-MediaFoundation-h265: 746d11721c4dcdbdad8f713fa42b33f4 -> 
  custom:video-decoder-webm-vp8: 9c59270c3fd7afecdb556c50c9e8de78 -> 
  custom:audio-decoder-ogg-vorbis: bf7c407c2cedff20999df2af8eb42d56 -> 
  custom:audio-encoder-webm-vorbis: bf7c407c2cedff20999df2af8eb42d56 -> 
========================================================================
Received Import Request.
  Time since last request: 293.838128 seconds.
  path: Assets/_Prefabs/Bloque.prefab
  artifactKey: Guid(9f1d13bc79210304fa4d27aff688a588) Importer(815301076,1909f56bfc062723c751e8b465ee728b)
Start importing Assets/_Prefabs/Bloque.prefab using Guid(9f1d13bc79210304fa4d27aff688a588) Importer(815301076,1909f56bfc062723c751e8b465ee728b)  -> (artifact id: '6c4d8dc1bef89b5e534ef11f76014607') in 0.072363 seconds 
========================================================================
Received Import Request.
  Time since last request: 90.553292 seconds.
  path: Assets/_Prefabs/Jugador.prefab
  artifactKey: Guid(e61e98e2b33fb124cacef87c11d0139e) Importer(815301076,1909f56bfc062723c751e8b465ee728b)
Start importing Assets/_Prefabs/Jugador.prefab using Guid(e61e98e2b33fb124cacef87c11d0139e) Importer(815301076,1909f56bfc062723c751e8b465ee728b)  -> (artifact id: 'ed97662e085dc21a613324ecb7c1b4b9') in 0.009270 seconds 
========================================================================
Received Import Request.
  Time since last request: 51.090127 seconds.
  path: Assets/Bola.prefab
  artifactKey: Guid(52006f4b6be58444cac3f0524252d1a7) Importer(815301076,1909f56bfc062723c751e8b465ee728b)
Start importing Assets/Bola.prefab using Guid(52006f4b6be58444cac3f0524252d1a7) Importer(815301076,1909f56bfc062723c751e8b465ee728b)  -> (artifact id: '96093ca5a5b32b95e045bcdbf861c537') in 0.007162 seconds 
========================================================================
Received Import Request.
  Time since last request: 32.204585 seconds.
  path: Assets/_Prefabs/Bola.prefab
  artifactKey: Guid(12910c653a1be9745b9d3dc9b15d2e7d) Importer(815301076,1909f56bfc062723c751e8b465ee728b)
Start importing Assets/_Prefabs/Bola.prefab using Guid(12910c653a1be9745b9d3dc9b15d2e7d) Importer(815301076,1909f56bfc062723c751e8b465ee728b)  -> (artifact id: 'c2acc730e070777e1a305b5a58adf30a') in 0.006411 seconds 
========================================================================
Received Prepare
Registering precompiled user dll's ...
Registered in 0.007513 seconds.
Begin MonoManager ReloadAssembly
Symbol file LoadedFromMemory doesn't match image C:\Users\danie\Documents\Unity\Repos\BreakOut\BreakOut\Library\PackageCache\com.unity.collab-proxy@1.15.15\Lib\Editor\PlasticSCM\unityplastic.dll
Native extension for WindowsStandalone target not found
Refreshing native plugins compatible for Editor in 0.24 ms, found 2 plugins.
Preloading 0 native plugins for Editor in 0.00 ms.
Mono: successfully reloaded assembly
- Completed reload, in  0.941 seconds
Domain Reload Profiling:
	ReloadAssembly (945ms)
		BeginReloadAssembly (272ms)
			ExecutionOrderSort (0ms)
			DisableScriptedObjects (22ms)
			BackupInstance (0ms)
			ReleaseScriptingObjects (0ms)
			CreateAndSetChildDomain (120ms)
		EndReloadAssembly (596ms)
			LoadAssemblies (123ms)
			RebuildTransferFunctionScriptingTraits (0ms)
			SetupTypeCache (205ms)
			ReleaseScriptCaches (1ms)
			RebuildScriptCaches (27ms)
			SetupLoadedEditorAssemblies (222ms)
				LogAssemblyErrors (0ms)
				InitializePlatformSupportModulesInManaged (3ms)
				SetLoadedEditorAssemblies (0ms)
				RefreshPlugins (0ms)
				BeforeProcessingInitializeOnLoad (48ms)
				ProcessInitializeOnLoadAttributes (159ms)
				ProcessInitializeOnLoadMethodAttributes (8ms)
				AfterProcessingInitializeOnLoad (3ms)
				EditorAssembliesLoaded (0ms)
			ExecutionOrderSort2 (0ms)
			AwakeInstancesAfterBackupRestoration (5ms)
Platform modules already initialized, skipping
Refreshing native plugins compatible for Editor in 0.41 ms, found 2 plugins.
Preloading 0 native plugins for Editor in 0.00 ms.
Unloading 1505 Unused Serialized files (Serialized files now loaded: 0)
System memory in use before: 71.8 MB.
System memory in use after: 71.9 MB.

Unloading 12 unused Assets to reduce memory usage. Loaded Objects now: 1969.
Total: 2.581500 ms (FindLiveObjects: 0.153600 ms CreateObjectMapping: 0.053700 ms MarkObjects: 2.323600 ms  DeleteObjects: 0.049100 ms)

AssetImportParameters requested are different than current active one (requested -> active):
  custom:framework-win-MediaFoundation: 216162199b28c13a410421893ffa2e32 -> 
  custom:video-decoder-ogg-theora: a1e56fd34408186e4bbccfd4996cb3dc -> 
  custom:container-muxer-webm: aa71ff27fc2769a1b78a27578f13a17b -> 
  custom:container-demuxer-webm: 4f35f7cbe854078d1ac9338744f61a02 -> 
  custom:container-demuxer-ogg: 62fdf1f143b41e24485cea50d1cbac27 -> 
  custom:video-encoder-webm-vp8: eb34c28f22e8b96e1ab97ce403110664 -> 
  custom:video-codec-MediaFoundation-h265: 746d11721c4dcdbdad8f713fa42b33f4 -> 
  custom:video-decoder-webm-vp8: 9c59270c3fd7afecdb556c50c9e8de78 -> 
  custom:audio-decoder-ogg-vorbis: bf7c407c2cedff20999df2af8eb42d56 -> 
  custom:audio-encoder-webm-vorbis: bf7c407c2cedff20999df2af8eb42d56 -> 
========================================================================
Received Import Request.
  Time since last request: 5183.762525 seconds.
  path: Assets/_Scripts/Bloque.cs
  artifactKey: Guid(1015325366c25b840ab8069ca8099690) Importer(815301076,1909f56bfc062723c751e8b465ee728b)
Start importing Assets/_Scripts/Bloque.cs using Guid(1015325366c25b840ab8069ca8099690) Importer(815301076,1909f56bfc062723c751e8b465ee728b)  -> (artifact id: '369f32438da04162825033f2d1ed44ae') in 0.006400 seconds 
========================================================================
Received Import Request.
  Time since last request: 222.450410 seconds.
  path: Assets/_Prefabs/Bloque_Piedra.prefab
  artifactKey: Guid(c3c251a9cd326e647a2403e04fc4a56f) Importer(815301076,1909f56bfc062723c751e8b465ee728b)
Start importing Assets/_Prefabs/Bloque_Piedra.prefab using Guid(c3c251a9cd326e647a2403e04fc4a56f) Importer(815301076,1909f56bfc062723c751e8b465ee728b)  -> (artifact id: 'd858297addaae803503827b4ff759732') in 0.059389 seconds 
========================================================================
Received Import Request.
  Time since last request: 14.579890 seconds.
  path: Assets/_Prefabs/Bloque_Piedra 1.prefab
  artifactKey: Guid(1ea247636f92f1f4b913017230f144af) Importer(815301076,1909f56bfc062723c751e8b465ee728b)
Start importing Assets/_Prefabs/Bloque_Piedra 1.prefab using Guid(1ea247636f92f1f4b913017230f144af) Importer(815301076,1909f56bfc062723c751e8b465ee728b)  -> (artifact id: 'c9931a98c748cb729263d2a874529bd7') in 0.006656 seconds 
========================================================================
Received Import Request.
  Time since last request: 8.372790 seconds.
  path: Assets/_Prefabs/Bloque_Madera.prefab
  artifactKey: Guid(1ea247636f92f1f4b913017230f144af) Importer(815301076,1909f56bfc062723c751e8b465ee728b)
Start importing Assets/_Prefabs/Bloque_Madera.prefab using Guid(1ea247636f92f1f4b913017230f144af) Importer(815301076,1909f56bfc062723c751e8b465ee728b)  -> (artifact id: '232365ec8bd7d70de541d795ea63fc8f') in 0.008393 seconds 
========================================================================
Received Import Request.
  Time since last request: 22.829240 seconds.
  path: Assets/_Prefabs/Bloque_Madera.prefab
  artifactKey: Guid(1ea247636f92f1f4b913017230f144af) Importer(815301076,1909f56bfc062723c751e8b465ee728b)
Start importing Assets/_Prefabs/Bloque_Madera.prefab using Guid(1ea247636f92f1f4b913017230f144af) Importer(815301076,1909f56bfc062723c751e8b465ee728b)  -> (artifact id: 'd6dfb90fa1377e32e25cabb58db62059') in 0.012200 seconds 
========================================================================
Received Import Request.
  Time since last request: 64.772792 seconds.
  path: Assets/_Scripts/Bloque_Piedra.cs
  artifactKey: Guid(d6681be564d446c41a248df2dbc0e695) Importer(815301076,1909f56bfc062723c751e8b465ee728b)
Start importing Assets/_Scripts/Bloque_Piedra.cs using Guid(d6681be564d446c41a248df2dbc0e695) Importer(815301076,1909f56bfc062723c751e8b465ee728b)  -> (artifact id: 'fa09b26509c826f7c307af4d3a14b5c4') in 0.001234 seconds 
========================================================================
Received Prepare
Registering precompiled user dll's ...
Registered in 0.001170 seconds.
Begin MonoManager ReloadAssembly
Symbol file LoadedFromMemory doesn't match image C:\Users\danie\Documents\Unity\Repos\BreakOut\BreakOut\Library\PackageCache\com.unity.collab-proxy@1.15.15\Lib\Editor\PlasticSCM\unityplastic.dll
Native extension for WindowsStandalone target not found
Refreshing native plugins compatible for Editor in 0.27 ms, found 2 plugins.
Preloading 0 native plugins for Editor in 0.00 ms.
Mono: successfully reloaded assembly
- Completed reload, in  0.529 seconds
Domain Reload Profiling:
	ReloadAssembly (529ms)
		BeginReloadAssembly (69ms)
			ExecutionOrderSort (0ms)
			DisableScriptedObjects (2ms)
			BackupInstance (0ms)
			ReleaseScriptingObjects (0ms)
			CreateAndSetChildDomain (19ms)
		EndReloadAssembly (425ms)
			LoadAssemblies (56ms)
			RebuildTransferFunctionScriptingTraits (0ms)
			SetupTypeCache (149ms)
			ReleaseScriptCaches (1ms)
			RebuildScriptCaches (20ms)
			SetupLoadedEditorAssemblies (156ms)
				LogAssemblyErrors (0ms)
				InitializePlatformSupportModulesInManaged (3ms)
				SetLoadedEditorAssemblies (0ms)
				RefreshPlugins (0ms)
				BeforeProcessingInitializeOnLoad (28ms)
				ProcessInitializeOnLoadAttributes (117ms)
				ProcessInitializeOnLoadMethodAttributes (5ms)
				AfterProcessingInitializeOnLoad (2ms)
				EditorAssembliesLoaded (0ms)
			ExecutionOrderSort2 (0ms)
			AwakeInstancesAfterBackupRestoration (3ms)
Platform modules already initialized, skipping
Refreshing native plugins compatible for Editor in 0.22 ms, found 2 plugins.
Preloading 0 native plugins for Editor in 0.00 ms.
Unloading 1506 Unused Serialized files (Serialized files now loaded: 0)
System memory in use before: 71.8 MB.
System memory in use after: 71.9 MB.

Unloading 11 unused Assets to reduce memory usage. Loaded Objects now: 1974.
Total: 2.070800 ms (FindLiveObjects: 0.079000 ms CreateObjectMapping: 0.028600 ms MarkObjects: 1.947300 ms  DeleteObjects: 0.015300 ms)

AssetImportParameters requested are different than current active one (requested -> active):
  custom:framework-win-MediaFoundation: 216162199b28c13a410421893ffa2e32 -> 
  custom:video-decoder-ogg-theora: a1e56fd34408186e4bbccfd4996cb3dc -> 
  custom:container-muxer-webm: aa71ff27fc2769a1b78a27578f13a17b -> 
  custom:container-demuxer-webm: 4f35f7cbe854078d1ac9338744f61a02 -> 
  custom:container-demuxer-ogg: 62fdf1f143b41e24485cea50d1cbac27 -> 
  custom:video-encoder-webm-vp8: eb34c28f22e8b96e1ab97ce403110664 -> 
  custom:video-codec-MediaFoundation-h265: 746d11721c4dcdbdad8f713fa42b33f4 -> 
  custom:video-decoder-webm-vp8: 9c59270c3fd7afecdb556c50c9e8de78 -> 
  custom:audio-decoder-ogg-vorbis: bf7c407c2cedff20999df2af8eb42d56 -> 
  custom:audio-encoder-webm-vorbis: bf7c407c2cedff20999df2af8eb42d56 -> 
========================================================================
Received Import Request.
  Time since last request: 11.146121 seconds.
  path: Assets/_Scripts/Bloque_Madera.cs
  artifactKey: Guid(6524bdb8a71d4af45890e958f690d4ac) Importer(815301076,1909f56bfc062723c751e8b465ee728b)
Start importing Assets/_Scripts/Bloque_Madera.cs using Guid(6524bdb8a71d4af45890e958f690d4ac) Importer(815301076,1909f56bfc062723c751e8b465ee728b)  -> (artifact id: 'bbc4bb833c3edb53e3ae46d8d94aaa78') in 0.003651 seconds 
========================================================================
Received Prepare
Registering precompiled user dll's ...
Registered in 0.001155 seconds.
Begin MonoManager ReloadAssembly
Symbol file LoadedFromMemory doesn't match image C:\Users\danie\Documents\Unity\Repos\BreakOut\BreakOut\Library\PackageCache\com.unity.collab-proxy@1.15.15\Lib\Editor\PlasticSCM\unityplastic.dll
Native extension for WindowsStandalone target not found
Refreshing native plugins compatible for Editor in 0.23 ms, found 2 plugins.
Preloading 0 native plugins for Editor in 0.00 ms.
Mono: successfully reloaded assembly
- Completed reload, in  0.516 seconds
Domain Reload Profiling:
	ReloadAssembly (516ms)
		BeginReloadAssembly (66ms)
			ExecutionOrderSort (0ms)
			DisableScriptedObjects (3ms)
			BackupInstance (0ms)
			ReleaseScriptingObjects (0ms)
			CreateAndSetChildDomain (19ms)
		EndReloadAssembly (413ms)
			LoadAssemblies (51ms)
			RebuildTransferFunctionScriptingTraits (0ms)
			SetupTypeCache (147ms)
			ReleaseScriptCaches (1ms)
			RebuildScriptCaches (20ms)
			SetupLoadedEditorAssemblies (151ms)
				LogAssemblyErrors (0ms)
				InitializePlatformSupportModulesInManaged (3ms)
				SetLoadedEditorAssemblies (0ms)
				RefreshPlugins (0ms)
				BeforeProcessingInitializeOnLoad (26ms)
				ProcessInitializeOnLoadAttributes (113ms)
				ProcessInitializeOnLoadMethodAttributes (6ms)
				AfterProcessingInitializeOnLoad (2ms)
				EditorAssembliesLoaded (0ms)
			ExecutionOrderSort2 (0ms)
			AwakeInstancesAfterBackupRestoration (3ms)
Platform modules already initialized, skipping
Refreshing native plugins compatible for Editor in 0.17 ms, found 2 plugins.
Preloading 0 native plugins for Editor in 0.00 ms.
Unloading 1507 Unused Serialized files (Serialized files now loaded: 0)
System memory in use before: 71.9 MB.
System memory in use after: 72.0 MB.

Unloading 11 unused Assets to reduce memory usage. Loaded Objects now: 1978.
Total: 2.096700 ms (FindLiveObjects: 0.103600 ms CreateObjectMapping: 0.045000 ms MarkObjects: 1.931500 ms  DeleteObjects: 0.016000 ms)

AssetImportParameters requested are different than current active one (requested -> active):
  custom:framework-win-MediaFoundation: 216162199b28c13a410421893ffa2e32 -> 
  custom:video-decoder-ogg-theora: a1e56fd34408186e4bbccfd4996cb3dc -> 
  custom:container-muxer-webm: aa71ff27fc2769a1b78a27578f13a17b -> 
  custom:container-demuxer-webm: 4f35f7cbe854078d1ac9338744f61a02 -> 
  custom:container-demuxer-ogg: 62fdf1f143b41e24485cea50d1cbac27 -> 
  custom:video-encoder-webm-vp8: eb34c28f22e8b96e1ab97ce403110664 -> 
  custom:video-codec-MediaFoundation-h265: 746d11721c4dcdbdad8f713fa42b33f4 -> 
  custom:video-decoder-webm-vp8: 9c59270c3fd7afecdb556c50c9e8de78 -> 
  custom:audio-decoder-ogg-vorbis: bf7c407c2cedff20999df2af8eb42d56 -> 
  custom:audio-encoder-webm-vorbis: bf7c407c2cedff20999df2af8eb42d56 -> 
========================================================================
Received Prepare
Registering precompiled user dll's ...
Registered in 0.003224 seconds.
Begin MonoManager ReloadAssembly
Symbol file LoadedFromMemory doesn't match image C:\Users\danie\Documents\Unity\Repos\BreakOut\BreakOut\Library\PackageCache\com.unity.collab-proxy@1.15.15\Lib\Editor\PlasticSCM\unityplastic.dll
Native extension for WindowsStandalone target not found
Refreshing native plugins compatible for Editor in 0.44 ms, found 2 plugins.
Preloading 0 native plugins for Editor in 0.00 ms.
Mono: successfully reloaded assembly
- Completed reload, in  1.380 seconds
Domain Reload Profiling:
	ReloadAssembly (1381ms)
		BeginReloadAssembly (176ms)
			ExecutionOrderSort (0ms)
			DisableScriptedObjects (9ms)
			BackupInstance (0ms)
			ReleaseScriptingObjects (0ms)
			CreateAndSetChildDomain (48ms)
		EndReloadAssembly (1117ms)
			LoadAssemblies (164ms)
			RebuildTransferFunctionScriptingTraits (0ms)
			SetupTypeCache (348ms)
			ReleaseScriptCaches (1ms)
			RebuildScriptCaches (73ms)
			SetupLoadedEditorAssemblies (403ms)
				LogAssemblyErrors (0ms)
				InitializePlatformSupportModulesInManaged (6ms)
				SetLoadedEditorAssemblies (1ms)
				RefreshPlugins (1ms)
				BeforeProcessingInitializeOnLoad (90ms)
				ProcessInitializeOnLoadAttributes (283ms)
				ProcessInitializeOnLoadMethodAttributes (16ms)
				AfterProcessingInitializeOnLoad (7ms)
				EditorAssembliesLoaded (0ms)
			ExecutionOrderSort2 (0ms)
			AwakeInstancesAfterBackupRestoration (9ms)
Platform modules already initialized, skipping
Refreshing native plugins compatible for Editor in 0.52 ms, found 2 plugins.
Preloading 0 native plugins for Editor in 0.00 ms.
Unloading 1507 Unused Serialized files (Serialized files now loaded: 0)
System memory in use before: 71.9 MB.
System memory in use after: 72.0 MB.

Unloading 11 unused Assets to reduce memory usage. Loaded Objects now: 1981.
Total: 2.303100 ms (FindLiveObjects: 0.117200 ms CreateObjectMapping: 0.066000 ms MarkObjects: 2.104200 ms  DeleteObjects: 0.015300 ms)

AssetImportParameters requested are different than current active one (requested -> active):
  custom:framework-win-MediaFoundation: 216162199b28c13a410421893ffa2e32 -> 
  custom:video-decoder-ogg-theora: a1e56fd34408186e4bbccfd4996cb3dc -> 
  custom:container-muxer-webm: aa71ff27fc2769a1b78a27578f13a17b -> 
  custom:container-demuxer-webm: 4f35f7cbe854078d1ac9338744f61a02 -> 
  custom:container-demuxer-ogg: 62fdf1f143b41e24485cea50d1cbac27 -> 
  custom:video-encoder-webm-vp8: eb34c28f22e8b96e1ab97ce403110664 -> 
  custom:video-codec-MediaFoundation-h265: 746d11721c4dcdbdad8f713fa42b33f4 -> 
  custom:video-decoder-webm-vp8: 9c59270c3fd7afecdb556c50c9e8de78 -> 
  custom:audio-decoder-ogg-vorbis: bf7c407c2cedff20999df2af8eb42d56 -> 
  custom:audio-encoder-webm-vorbis: bf7c407c2cedff20999df2af8eb42d56 -> 
========================================================================
Received Import Request.
  Time since last request: 38.437121 seconds.
  path: Assets/_Scripts/Bloque_Madera.cs
  artifactKey: Guid(6524bdb8a71d4af45890e958f690d4ac) Importer(815301076,1909f56bfc062723c751e8b465ee728b)
Start importing Assets/_Scripts/Bloque_Madera.cs using Guid(6524bdb8a71d4af45890e958f690d4ac) Importer(815301076,1909f56bfc062723c751e8b465ee728b)  -> (artifact id: '89e95205b5dc1de598484aa40d27714b') in 0.003460 seconds 
========================================================================
Received Prepare
Registering precompiled user dll's ...
Registered in 0.001322 seconds.
Begin MonoManager ReloadAssembly
Symbol file LoadedFromMemory doesn't match image C:\Users\danie\Documents\Unity\Repos\BreakOut\BreakOut\Library\PackageCache\com.unity.collab-proxy@1.15.15\Lib\Editor\PlasticSCM\unityplastic.dll
Native extension for WindowsStandalone target not found
Refreshing native plugins compatible for Editor in 0.21 ms, found 2 plugins.
Preloading 0 native plugins for Editor in 0.00 ms.
Mono: successfully reloaded assembly
- Completed reload, in  0.535 seconds
Domain Reload Profiling:
	ReloadAssembly (535ms)
		BeginReloadAssembly (69ms)
			ExecutionOrderSort (0ms)
			DisableScriptedObjects (2ms)
			BackupInstance (0ms)
			ReleaseScriptingObjects (0ms)
			CreateAndSetChildDomain (19ms)
		EndReloadAssembly (431ms)
			LoadAssemblies (56ms)
			RebuildTransferFunctionScriptingTraits (0ms)
			SetupTypeCache (156ms)
			ReleaseScriptCaches (1ms)
			RebuildScriptCaches (22ms)
			SetupLoadedEditorAssemblies (149ms)
				LogAssemblyErrors (0ms)
				InitializePlatformSupportModulesInManaged (2ms)
				SetLoadedEditorAssemblies (0ms)
				RefreshPlugins (0ms)
				BeforeProcessingInitializeOnLoad (26ms)
				ProcessInitializeOnLoadAttributes (112ms)
				ProcessInitializeOnLoadMethodAttributes (5ms)
				AfterProcessingInitializeOnLoad (2ms)
				EditorAssembliesLoaded (0ms)
			ExecutionOrderSort2 (0ms)
			AwakeInstancesAfterBackupRestoration (3ms)
Platform modules already initialized, skipping
Refreshing native plugins compatible for Editor in 0.21 ms, found 2 plugins.
Preloading 0 native plugins for Editor in 0.00 ms.
Unloading 1507 Unused Serialized files (Serialized files now loaded: 0)
System memory in use before: 71.9 MB.
System memory in use after: 72.0 MB.

Unloading 11 unused Assets to reduce memory usage. Loaded Objects now: 1984.
Total: 1.955700 ms (FindLiveObjects: 0.075700 ms CreateObjectMapping: 0.025500 ms MarkObjects: 1.837100 ms  DeleteObjects: 0.016900 ms)

AssetImportParameters requested are different than current active one (requested -> active):
  custom:framework-win-MediaFoundation: 216162199b28c13a410421893ffa2e32 -> 
  custom:video-decoder-ogg-theora: a1e56fd34408186e4bbccfd4996cb3dc -> 
  custom:container-muxer-webm: aa71ff27fc2769a1b78a27578f13a17b -> 
  custom:container-demuxer-webm: 4f35f7cbe854078d1ac9338744f61a02 -> 
  custom:container-demuxer-ogg: 62fdf1f143b41e24485cea50d1cbac27 -> 
  custom:video-encoder-webm-vp8: eb34c28f22e8b96e1ab97ce403110664 -> 
  custom:video-codec-MediaFoundation-h265: 746d11721c4dcdbdad8f713fa42b33f4 -> 
  custom:video-decoder-webm-vp8: 9c59270c3fd7afecdb556c50c9e8de78 -> 
  custom:audio-decoder-ogg-vorbis: bf7c407c2cedff20999df2af8eb42d56 -> 
  custom:audio-encoder-webm-vorbis: bf7c407c2cedff20999df2af8eb42d56 -> 
========================================================================
Received Import Request.
  Time since last request: 25.466725 seconds.
  path: Assets/_Scripts/Bloque_Piedra.cs
  artifactKey: Guid(d6681be564d446c41a248df2dbc0e695) Importer(815301076,1909f56bfc062723c751e8b465ee728b)
Start importing Assets/_Scripts/Bloque_Piedra.cs using Guid(d6681be564d446c41a248df2dbc0e695) Importer(815301076,1909f56bfc062723c751e8b465ee728b)  -> (artifact id: '26f3099f9218d28ecf7d736ac6b4a88f') in 0.002765 seconds 
========================================================================
Received Import Request.
  Time since last request: 13.142735 seconds.
  path: Assets/_Prefabs/Bloque_Piedra.prefab
  artifactKey: Guid(c3c251a9cd326e647a2403e04fc4a56f) Importer(815301076,1909f56bfc062723c751e8b465ee728b)
Start importing Assets/_Prefabs/Bloque_Piedra.prefab using Guid(c3c251a9cd326e647a2403e04fc4a56f) Importer(815301076,1909f56bfc062723c751e8b465ee728b)  -> (artifact id: 'f30366a3797c70505850b70bfcb778b3') in 0.038377 seconds 
========================================================================
Received Prepare
Registering precompiled user dll's ...
Registered in 0.004823 seconds.
Begin MonoManager ReloadAssembly
Symbol file LoadedFromMemory doesn't match image C:\Users\danie\Documents\Unity\Repos\BreakOut\BreakOut\Library\PackageCache\com.unity.collab-proxy@1.15.15\Lib\Editor\PlasticSCM\unityplastic.dll
Native extension for WindowsStandalone target not found
Refreshing native plugins compatible for Editor in 0.38 ms, found 2 plugins.
Preloading 0 native plugins for Editor in 0.00 ms.
Mono: successfully reloaded assembly
- Completed reload, in  1.036 seconds
Domain Reload Profiling:
	ReloadAssembly (1037ms)
		BeginReloadAssembly (135ms)
			ExecutionOrderSort (0ms)
			DisableScriptedObjects (8ms)
			BackupInstance (0ms)
			ReleaseScriptingObjects (0ms)
			CreateAndSetChildDomain (30ms)
		EndReloadAssembly (828ms)
			LoadAssemblies (140ms)
			RebuildTransferFunctionScriptingTraits (0ms)
			SetupTypeCache (298ms)
			ReleaseScriptCaches (1ms)
			RebuildScriptCaches (40ms)
			SetupLoadedEditorAssemblies (287ms)
				LogAssemblyErrors (0ms)
				InitializePlatformSupportModulesInManaged (5ms)
				SetLoadedEditorAssemblies (0ms)
				RefreshPlugins (1ms)
				BeforeProcessingInitializeOnLoad (58ms)
				ProcessInitializeOnLoadAttributes (198ms)
				ProcessInitializeOnLoadMethodAttributes (16ms)
				AfterProcessingInitializeOnLoad (9ms)
				EditorAssembliesLoaded (0ms)
			ExecutionOrderSort2 (0ms)
			AwakeInstancesAfterBackupRestoration (12ms)
Platform modules already initialized, skipping
Refreshing native plugins compatible for Editor in 0.41 ms, found 2 plugins.
Preloading 0 native plugins for Editor in 0.00 ms.
Unloading 1507 Unused Serialized files (Serialized files now loaded: 0)
System memory in use before: 71.9 MB.
System memory in use after: 72.0 MB.

Unloading 11 unused Assets to reduce memory usage. Loaded Objects now: 1988.
Total: 2.318100 ms (FindLiveObjects: 0.097100 ms CreateObjectMapping: 0.033300 ms MarkObjects: 2.169300 ms  DeleteObjects: 0.017500 ms)

AssetImportParameters requested are different than current active one (requested -> active):
  custom:framework-win-MediaFoundation: 216162199b28c13a410421893ffa2e32 -> 
  custom:video-decoder-ogg-theora: a1e56fd34408186e4bbccfd4996cb3dc -> 
  custom:container-muxer-webm: aa71ff27fc2769a1b78a27578f13a17b -> 
  custom:container-demuxer-webm: 4f35f7cbe854078d1ac9338744f61a02 -> 
  custom:container-demuxer-ogg: 62fdf1f143b41e24485cea50d1cbac27 -> 
  custom:video-encoder-webm-vp8: eb34c28f22e8b96e1ab97ce403110664 -> 
  custom:video-codec-MediaFoundation-h265: 746d11721c4dcdbdad8f713fa42b33f4 -> 
  custom:video-decoder-webm-vp8: 9c59270c3fd7afecdb556c50c9e8de78 -> 
  custom:audio-decoder-ogg-vorbis: bf7c407c2cedff20999df2af8eb42d56 -> 
  custom:audio-encoder-webm-vorbis: bf7c407c2cedff20999df2af8eb42d56 -> 
========================================================================
Received Import Request.
  Time since last request: 5407.644314 seconds.
  path: Assets/_Scripts/Bloque.cs
  artifactKey: Guid(1015325366c25b840ab8069ca8099690) Importer(815301076,1909f56bfc062723c751e8b465ee728b)
Start importing Assets/_Scripts/Bloque.cs using Guid(1015325366c25b840ab8069ca8099690) Importer(815301076,1909f56bfc062723c751e8b465ee728b)  -> (artifact id: 'f19b0ed1650b7b71207dd6093919852b') in 0.110899 seconds 
========================================================================
Received Prepare
Registering precompiled user dll's ...
Registered in 0.005928 seconds.
Begin MonoManager ReloadAssembly
Symbol file LoadedFromMemory doesn't match image C:\Users\danie\Documents\Unity\Repos\BreakOut\BreakOut\Library\PackageCache\com.unity.collab-proxy@1.15.15\Lib\Editor\PlasticSCM\unityplastic.dll
Native extension for WindowsStandalone target not found
Refreshing native plugins compatible for Editor in 0.48 ms, found 2 plugins.
Preloading 0 native plugins for Editor in 0.00 ms.
Mono: successfully reloaded assembly
- Completed reload, in  1.538 seconds
Domain Reload Profiling:
	ReloadAssembly (1559ms)
		BeginReloadAssembly (464ms)
			ExecutionOrderSort (0ms)
			DisableScriptedObjects (69ms)
			BackupInstance (0ms)
			ReleaseScriptingObjects (0ms)
			CreateAndSetChildDomain (198ms)
		EndReloadAssembly (983ms)
			LoadAssemblies (197ms)
			RebuildTransferFunctionScriptingTraits (0ms)
			SetupTypeCache (329ms)
			ReleaseScriptCaches (1ms)
			RebuildScriptCaches (33ms)
			SetupLoadedEditorAssemblies (380ms)
				LogAssemblyErrors (0ms)
				InitializePlatformSupportModulesInManaged (4ms)
				SetLoadedEditorAssemblies (2ms)
				RefreshPlugins (1ms)
				BeforeProcessingInitializeOnLoad (50ms)
				ProcessInitializeOnLoadAttributes (298ms)
				ProcessInitializeOnLoadMethodAttributes (15ms)
				AfterProcessingInitializeOnLoad (10ms)
				EditorAssembliesLoaded (1ms)
			ExecutionOrderSort2 (0ms)
			AwakeInstancesAfterBackupRestoration (15ms)
Platform modules already initialized, skipping
Refreshing native plugins compatible for Editor in 0.44 ms, found 2 plugins.
Preloading 0 native plugins for Editor in 0.00 ms.
Unloading 1507 Unused Serialized files (Serialized files now loaded: 0)
System memory in use before: 71.9 MB.
System memory in use after: 72.0 MB.

Unloading 11 unused Assets to reduce memory usage. Loaded Objects now: 1991.
Total: 5.443100 ms (FindLiveObjects: 0.130600 ms CreateObjectMapping: 0.052700 ms MarkObjects: 5.214900 ms  DeleteObjects: 0.043200 ms)

AssetImportParameters requested are different than current active one (requested -> active):
  custom:framework-win-MediaFoundation: 216162199b28c13a410421893ffa2e32 -> 
  custom:video-decoder-ogg-theora: a1e56fd34408186e4bbccfd4996cb3dc -> 
  custom:container-muxer-webm: aa71ff27fc2769a1b78a27578f13a17b -> 
  custom:container-demuxer-webm: 4f35f7cbe854078d1ac9338744f61a02 -> 
  custom:container-demuxer-ogg: 62fdf1f143b41e24485cea50d1cbac27 -> 
  custom:video-encoder-webm-vp8: eb34c28f22e8b96e1ab97ce403110664 -> 
  custom:video-codec-MediaFoundation-h265: 746d11721c4dcdbdad8f713fa42b33f4 -> 
  custom:video-decoder-webm-vp8: 9c59270c3fd7afecdb556c50c9e8de78 -> 
  custom:audio-decoder-ogg-vorbis: bf7c407c2cedff20999df2af8eb42d56 -> 
  custom:audio-encoder-webm-vorbis: bf7c407c2cedff20999df2af8eb42d56 -> 
========================================================================
Received Import Request.
  Time since last request: 51.513471 seconds.
  path: Assets/_Scripts/Bloque_Madera.cs
  artifactKey: Guid(6524bdb8a71d4af45890e958f690d4ac) Importer(815301076,1909f56bfc062723c751e8b465ee728b)
Start importing Assets/_Scripts/Bloque_Madera.cs using Guid(6524bdb8a71d4af45890e958f690d4ac) Importer(815301076,1909f56bfc062723c751e8b465ee728b)  -> (artifact id: 'fa83bf75869360d28e6f0cd5b7871223') in 0.008337 seconds 
========================================================================
Received Prepare
Registering precompiled user dll's ...
Registered in 0.003415 seconds.
Begin MonoManager ReloadAssembly
Symbol file LoadedFromMemory doesn't match image C:\Users\danie\Documents\Unity\Repos\BreakOut\BreakOut\Library\PackageCache\com.unity.collab-proxy@1.15.15\Lib\Editor\PlasticSCM\unityplastic.dll
Native extension for WindowsStandalone target not found
Refreshing native plugins compatible for Editor in 0.45 ms, found 2 plugins.
Preloading 0 native plugins for Editor in 0.00 ms.
Mono: successfully reloaded assembly
- Completed reload, in  1.256 seconds
Domain Reload Profiling:
	ReloadAssembly (1257ms)
		BeginReloadAssembly (189ms)
			ExecutionOrderSort (0ms)
			DisableScriptedObjects (6ms)
			BackupInstance (0ms)
			ReleaseScriptingObjects (0ms)
			CreateAndSetChildDomain (54ms)
		EndReloadAssembly (975ms)
			LoadAssemblies (165ms)
			RebuildTransferFunctionScriptingTraits (0ms)
			SetupTypeCache (359ms)
			ReleaseScriptCaches (1ms)
			RebuildScriptCaches (31ms)
			SetupLoadedEditorAssemblies (343ms)
				LogAssemblyErrors (0ms)
				InitializePlatformSupportModulesInManaged (7ms)
				SetLoadedEditorAssemblies (1ms)
				RefreshPlugins (1ms)
				BeforeProcessingInitializeOnLoad (59ms)
				ProcessInitializeOnLoadAttributes (264ms)
				ProcessInitializeOnLoadMethodAttributes (8ms)
				AfterProcessingInitializeOnLoad (5ms)
				EditorAssembliesLoaded (0ms)
			ExecutionOrderSort2 (0ms)
			AwakeInstancesAfterBackupRestoration (7ms)
Platform modules already initialized, skipping
Refreshing native plugins compatible for Editor in 0.21 ms, found 2 plugins.
Preloading 0 native plugins for Editor in 0.00 ms.
Unloading 1507 Unused Serialized files (Serialized files now loaded: 0)
System memory in use before: 71.9 MB.
System memory in use after: 72.0 MB.

Unloading 11 unused Assets to reduce memory usage. Loaded Objects now: 1994.
Total: 2.835700 ms (FindLiveObjects: 0.071500 ms CreateObjectMapping: 0.021200 ms MarkObjects: 2.715000 ms  DeleteObjects: 0.027000 ms)

AssetImportParameters requested are different than current active one (requested -> active):
  custom:framework-win-MediaFoundation: 216162199b28c13a410421893ffa2e32 -> 
  custom:video-decoder-ogg-theora: a1e56fd34408186e4bbccfd4996cb3dc -> 
  custom:container-muxer-webm: aa71ff27fc2769a1b78a27578f13a17b -> 
  custom:container-demuxer-webm: 4f35f7cbe854078d1ac9338744f61a02 -> 
  custom:container-demuxer-ogg: 62fdf1f143b41e24485cea50d1cbac27 -> 
  custom:video-encoder-webm-vp8: eb34c28f22e8b96e1ab97ce403110664 -> 
  custom:video-codec-MediaFoundation-h265: 746d11721c4dcdbdad8f713fa42b33f4 -> 
  custom:video-decoder-webm-vp8: 9c59270c3fd7afecdb556c50c9e8de78 -> 
  custom:audio-decoder-ogg-vorbis: bf7c407c2cedff20999df2af8eb42d56 -> 
  custom:audio-encoder-webm-vorbis: bf7c407c2cedff20999df2af8eb42d56 -> 
========================================================================
Received Import Request.
  Time since last request: 284.320538 seconds.
  path: Assets/_Scripts/Bloque_Madera.cs
  artifactKey: Guid(6524bdb8a71d4af45890e958f690d4ac) Importer(815301076,1909f56bfc062723c751e8b465ee728b)
Start importing Assets/_Scripts/Bloque_Madera.cs using Guid(6524bdb8a71d4af45890e958f690d4ac) Importer(815301076,1909f56bfc062723c751e8b465ee728b)  -> (artifact id: '41c6a6f710bd9fc2e1cb1f3ed1998565') in 0.004346 seconds 
========================================================================
Received Import Request.
  Time since last request: 10.039387 seconds.
  path: Assets/_Prefabs/Bloque_Piedra 1.prefab
  artifactKey: Guid(0a276c62c244fdc44834e6a01b2e31b6) Importer(815301076,1909f56bfc062723c751e8b465ee728b)
Start importing Assets/_Prefabs/Bloque_Piedra 1.prefab using Guid(0a276c62c244fdc44834e6a01b2e31b6) Importer(815301076,1909f56bfc062723c751e8b465ee728b)  -> (artifact id: '862181316b34687c74df288d9bd17235') in 0.058699 seconds 
========================================================================
Received Import Request.
  Time since last request: 9.353044 seconds.
  path: Assets/_Prefabs/Bloque_Metal.prefab
  artifactKey: Guid(0a276c62c244fdc44834e6a01b2e31b6) Importer(815301076,1909f56bfc062723c751e8b465ee728b)
Start importing Assets/_Prefabs/Bloque_Metal.prefab using Guid(0a276c62c244fdc44834e6a01b2e31b6) Importer(815301076,1909f56bfc062723c751e8b465ee728b)  -> (artifact id: '35d02ab8a1bcc2ab086ea953889118ee') in 0.008358 seconds 
========================================================================
Received Import Request.
  Time since last request: 145.614983 seconds.
  path: Assets/_Prefabs/Bloque_Metal.prefab
  artifactKey: Guid(0a276c62c244fdc44834e6a01b2e31b6) Importer(815301076,1909f56bfc062723c751e8b465ee728b)
Start importing Assets/_Prefabs/Bloque_Metal.prefab using Guid(0a276c62c244fdc44834e6a01b2e31b6) Importer(815301076,1909f56bfc062723c751e8b465ee728b)  -> (artifact id: 'a7ab72dc74e72c9bbf596bdd938daa32') in 0.006113 seconds 
========================================================================
Received Import Request.
  Time since last request: 55.865618 seconds.
  path: Assets/_Scripts/Bloque_Piedra.cs
  artifactKey: Guid(d6681be564d446c41a248df2dbc0e695) Importer(815301076,1909f56bfc062723c751e8b465ee728b)
Start importing Assets/_Scripts/Bloque_Piedra.cs using Guid(d6681be564d446c41a248df2dbc0e695) Importer(815301076,1909f56bfc062723c751e8b465ee728b)  -> (artifact id: '92211367e1f65aaf8ba6c7e90cf3b9b2') in 0.002829 seconds 
========================================================================
Received Import Request.
  Time since last request: 2.394386 seconds.
  path: Assets/_Scripts/Bloque_Piedra1.cs
  artifactKey: Guid(289c66635478cad488b1a7089635aded) Importer(815301076,1909f56bfc062723c751e8b465ee728b)
Start importing Assets/_Scripts/Bloque_Piedra1.cs using Guid(289c66635478cad488b1a7089635aded) Importer(815301076,1909f56bfc062723c751e8b465ee728b)  -> (artifact id: '5d42da48c2accb50fa40cbacde736f7b') in 0.001790 seconds 
========================================================================
Received Import Request.
  Time since last request: 10.404515 seconds.
  path: Assets/_Scripts/Bloque_Metal.cs
  artifactKey: Guid(289c66635478cad488b1a7089635aded) Importer(815301076,1909f56bfc062723c751e8b465ee728b)
Start importing Assets/_Scripts/Bloque_Metal.cs using Guid(289c66635478cad488b1a7089635aded) Importer(815301076,1909f56bfc062723c751e8b465ee728b)  -> (artifact id: '9dfa9f8dc99b41d6a95656bb65e4a757') in 0.001102 seconds 
========================================================================
Received Prepare
Registering precompiled user dll's ...
Registered in 0.002190 seconds.
Begin MonoManager ReloadAssembly
Symbol file LoadedFromMemory doesn't match image C:\Users\danie\Documents\Unity\Repos\BreakOut\BreakOut\Library\PackageCache\com.unity.collab-proxy@1.15.15\Lib\Editor\PlasticSCM\unityplastic.dll
Native extension for WindowsStandalone target not found
Refreshing native plugins compatible for Editor in 0.36 ms, found 2 plugins.
Preloading 0 native plugins for Editor in 0.00 ms.
Mono: successfully reloaded assembly
- Completed reload, in  1.024 seconds
Domain Reload Profiling:
	ReloadAssembly (1025ms)
		BeginReloadAssembly (116ms)
			ExecutionOrderSort (0ms)
			DisableScriptedObjects (8ms)
			BackupInstance (0ms)
			ReleaseScriptingObjects (0ms)
			CreateAndSetChildDomain (39ms)
		EndReloadAssembly (829ms)
			LoadAssemblies (110ms)
			RebuildTransferFunctionScriptingTraits (0ms)
			SetupTypeCache (267ms)
			ReleaseScriptCaches (1ms)
			RebuildScriptCaches (26ms)
			SetupLoadedEditorAssemblies (339ms)
				LogAssemblyErrors (0ms)
				InitializePlatformSupportModulesInManaged (4ms)
				SetLoadedEditorAssemblies (0ms)
				RefreshPlugins (0ms)
				BeforeProcessingInitializeOnLoad (48ms)
				ProcessInitializeOnLoadAttributes (266ms)
				ProcessInitializeOnLoadMethodAttributes (13ms)
				AfterProcessingInitializeOnLoad (6ms)
				EditorAssembliesLoaded (0ms)
			ExecutionOrderSort2 (0ms)
			AwakeInstancesAfterBackupRestoration (9ms)
Platform modules already initialized, skipping
Refreshing native plugins compatible for Editor in 0.24 ms, found 2 plugins.
Preloading 0 native plugins for Editor in 0.00 ms.
Unloading 1508 Unused Serialized files (Serialized files now loaded: 0)
System memory in use before: 71.9 MB.
System memory in use after: 72.0 MB.

Unloading 11 unused Assets to reduce memory usage. Loaded Objects now: 1999.
Total: 2.118200 ms (FindLiveObjects: 0.074800 ms CreateObjectMapping: 0.024100 ms MarkObjects: 1.981800 ms  DeleteObjects: 0.036600 ms)

AssetImportParameters requested are different than current active one (requested -> active):
  custom:framework-win-MediaFoundation: 216162199b28c13a410421893ffa2e32 -> 
  custom:video-decoder-ogg-theora: a1e56fd34408186e4bbccfd4996cb3dc -> 
  custom:container-muxer-webm: aa71ff27fc2769a1b78a27578f13a17b -> 
  custom:container-demuxer-webm: 4f35f7cbe854078d1ac9338744f61a02 -> 
  custom:container-demuxer-ogg: 62fdf1f143b41e24485cea50d1cbac27 -> 
  custom:video-encoder-webm-vp8: eb34c28f22e8b96e1ab97ce403110664 -> 
  custom:video-codec-MediaFoundation-h265: 746d11721c4dcdbdad8f713fa42b33f4 -> 
  custom:video-decoder-webm-vp8: 9c59270c3fd7afecdb556c50c9e8de78 -> 
  custom:audio-decoder-ogg-vorbis: bf7c407c2cedff20999df2af8eb42d56 -> 
  custom:audio-encoder-webm-vorbis: bf7c407c2cedff20999df2af8eb42d56 -> 
========================================================================
Received Import Request.
  Time since last request: 23.762293 seconds.
  path: Assets/_Scripts/Bloque_Metal.cs
  artifactKey: Guid(289c66635478cad488b1a7089635aded) Importer(815301076,1909f56bfc062723c751e8b465ee728b)
Start importing Assets/_Scripts/Bloque_Metal.cs using Guid(289c66635478cad488b1a7089635aded) Importer(815301076,1909f56bfc062723c751e8b465ee728b)  -> (artifact id: '6550c99a551db9564e489b617c6842c1') in 0.002935 seconds 
========================================================================
Received Import Request.
  Time since last request: 23.438182 seconds.
  path: Assets/_Prefabs/Bloque_Metal.prefab
  artifactKey: Guid(0a276c62c244fdc44834e6a01b2e31b6) Importer(815301076,1909f56bfc062723c751e8b465ee728b)
Start importing Assets/_Prefabs/Bloque_Metal.prefab using Guid(0a276c62c244fdc44834e6a01b2e31b6) Importer(815301076,1909f56bfc062723c751e8b465ee728b)  -> (artifact id: 'a35b03d2cfa8b1930e805251fbffb42b') in 0.038628 seconds 
========================================================================
Received Import Request.
  Time since last request: 9.399655 seconds.
  path: Assets/_Prefabs/Bloque_Metal 1.prefab
  artifactKey: Guid(0fd433befa3641049b119904056c5248) Importer(815301076,1909f56bfc062723c751e8b465ee728b)
Start importing Assets/_Prefabs/Bloque_Metal 1.prefab using Guid(0fd433befa3641049b119904056c5248) Importer(815301076,1909f56bfc062723c751e8b465ee728b)  -> (artifact id: 'fe4eca5e7d10f2dfb882a0dd0f9e5973') in 0.006707 seconds 
========================================================================
Received Import Request.
  Time since last request: 7.301644 seconds.
  path: Assets/_Prefabs/Bloque_Vidrio.prefab
  artifactKey: Guid(0fd433befa3641049b119904056c5248) Importer(815301076,1909f56bfc062723c751e8b465ee728b)
Start importing Assets/_Prefabs/Bloque_Vidrio.prefab using Guid(0fd433befa3641049b119904056c5248) Importer(815301076,1909f56bfc062723c751e8b465ee728b)  -> (artifact id: '6b05371eb97a4b0315b77165be10fc1a') in 0.007584 seconds 
========================================================================
Received Import Request.
  Time since last request: 4.921261 seconds.
  path: Assets/_Prefabs/Bloque_Vidrio.prefab
  artifactKey: Guid(0fd433befa3641049b119904056c5248) Importer(815301076,1909f56bfc062723c751e8b465ee728b)
Start importing Assets/_Prefabs/Bloque_Vidrio.prefab using Guid(0fd433befa3641049b119904056c5248) Importer(815301076,1909f56bfc062723c751e8b465ee728b)  -> (artifact id: 'b00de40fb67987c0dc85c344e58031ff') in 0.008528 seconds 
========================================================================
Received Import Request.
  Time since last request: 6.901457 seconds.
  path: Assets/_Prefabs/Bloque_Vidrio.prefab
  artifactKey: Guid(0fd433befa3641049b119904056c5248) Importer(815301076,1909f56bfc062723c751e8b465ee728b)
Start importing Assets/_Prefabs/Bloque_Vidrio.prefab using Guid(0fd433befa3641049b119904056c5248) Importer(815301076,1909f56bfc062723c751e8b465ee728b)  -> (artifact id: '6bd02aec48752126f79bd12bdfdc0ccf') in 0.006556 seconds 
========================================================================
Received Import Request.
  Time since last request: 7.297312 seconds.
  path: Assets/_Scripts/Bloque_Metal1.cs
  artifactKey: Guid(14c33c9f9eb8f9143ac2e95254cad986) Importer(815301076,1909f56bfc062723c751e8b465ee728b)
Start importing Assets/_Scripts/Bloque_Metal1.cs using Guid(14c33c9f9eb8f9143ac2e95254cad986) Importer(815301076,1909f56bfc062723c751e8b465ee728b)  -> (artifact id: '776510682b78f085377ebe86d94a1372') in 0.001416 seconds 
========================================================================
Received Import Request.
  Time since last request: 5.885713 seconds.
  path: Assets/_Scripts/Bloque_Vidrio.cs
  artifactKey: Guid(14c33c9f9eb8f9143ac2e95254cad986) Importer(815301076,1909f56bfc062723c751e8b465ee728b)
Start importing Assets/_Scripts/Bloque_Vidrio.cs using Guid(14c33c9f9eb8f9143ac2e95254cad986) Importer(815301076,1909f56bfc062723c751e8b465ee728b)  -> (artifact id: '75418e932748f471022306dca79f1e63') in 0.001120 seconds 
========================================================================
Received Prepare
Registering precompiled user dll's ...
Registered in 0.003990 seconds.
Begin MonoManager ReloadAssembly
Symbol file LoadedFromMemory doesn't match image C:\Users\danie\Documents\Unity\Repos\BreakOut\BreakOut\Library\PackageCache\com.unity.collab-proxy@1.15.15\Lib\Editor\PlasticSCM\unityplastic.dll
Native extension for WindowsStandalone target not found
Refreshing native plugins compatible for Editor in 0.44 ms, found 2 plugins.
Preloading 0 native plugins for Editor in 0.00 ms.
Mono: successfully reloaded assembly
- Completed reload, in  1.152 seconds
Domain Reload Profiling:
	ReloadAssembly (1152ms)
		BeginReloadAssembly (128ms)
			ExecutionOrderSort (0ms)
			DisableScriptedObjects (3ms)
			BackupInstance (0ms)
			ReleaseScriptingObjects (0ms)
			CreateAndSetChildDomain (29ms)
		EndReloadAssembly (943ms)
			LoadAssemblies (129ms)
			RebuildTransferFunctionScriptingTraits (0ms)
			SetupTypeCache (282ms)
			ReleaseScriptCaches (1ms)
			RebuildScriptCaches (24ms)
			SetupLoadedEditorAssemblies (400ms)
				LogAssemblyErrors (0ms)
				InitializePlatformSupportModulesInManaged (6ms)
				SetLoadedEditorAssemblies (1ms)
				RefreshPlugins (1ms)
				BeforeProcessingInitializeOnLoad (87ms)
				ProcessInitializeOnLoadAttributes (281ms)
				ProcessInitializeOnLoadMethodAttributes (16ms)
				AfterProcessingInitializeOnLoad (8ms)
				EditorAssembliesLoaded (0ms)
			ExecutionOrderSort2 (0ms)
			AwakeInstancesAfterBackupRestoration (9ms)
Platform modules already initialized, skipping
Refreshing native plugins compatible for Editor in 0.40 ms, found 2 plugins.
Preloading 0 native plugins for Editor in 0.00 ms.
Unloading 1509 Unused Serialized files (Serialized files now loaded: 0)
System memory in use before: 72.0 MB.
System memory in use after: 72.1 MB.

Unloading 11 unused Assets to reduce memory usage. Loaded Objects now: 2004.
Total: 4.683000 ms (FindLiveObjects: 0.176300 ms CreateObjectMapping: 0.077200 ms MarkObjects: 4.384500 ms  DeleteObjects: 0.043300 ms)

AssetImportParameters requested are different than current active one (requested -> active):
  custom:framework-win-MediaFoundation: 216162199b28c13a410421893ffa2e32 -> 
  custom:video-decoder-ogg-theora: a1e56fd34408186e4bbccfd4996cb3dc -> 
  custom:container-muxer-webm: aa71ff27fc2769a1b78a27578f13a17b -> 
  custom:container-demuxer-webm: 4f35f7cbe854078d1ac9338744f61a02 -> 
  custom:container-demuxer-ogg: 62fdf1f143b41e24485cea50d1cbac27 -> 
  custom:video-encoder-webm-vp8: eb34c28f22e8b96e1ab97ce403110664 -> 
  custom:video-codec-MediaFoundation-h265: 746d11721c4dcdbdad8f713fa42b33f4 -> 
  custom:video-decoder-webm-vp8: 9c59270c3fd7afecdb556c50c9e8de78 -> 
  custom:audio-decoder-ogg-vorbis: bf7c407c2cedff20999df2af8eb42d56 -> 
  custom:audio-encoder-webm-vorbis: bf7c407c2cedff20999df2af8eb42d56 -> 
========================================================================
Received Import Request.
  Time since last request: 14.040297 seconds.
  path: Assets/_Scripts/Bloque_Vidrio.cs
  artifactKey: Guid(14c33c9f9eb8f9143ac2e95254cad986) Importer(815301076,1909f56bfc062723c751e8b465ee728b)
Start importing Assets/_Scripts/Bloque_Vidrio.cs using Guid(14c33c9f9eb8f9143ac2e95254cad986) Importer(815301076,1909f56bfc062723c751e8b465ee728b)  -> (artifact id: 'cc1a6f2e0c6ace984c54cc7851e81b0f') in 0.007794 seconds 
========================================================================
Received Import Request.
  Time since last request: 2.036664 seconds.
  path: Assets/_Prefabs/Bloque_Vidrio.prefab
  artifactKey: Guid(0fd433befa3641049b119904056c5248) Importer(815301076,1909f56bfc062723c751e8b465ee728b)
Start importing Assets/_Prefabs/Bloque_Vidrio.prefab using Guid(0fd433befa3641049b119904056c5248) Importer(815301076,1909f56bfc062723c751e8b465ee728b)  -> (artifact id: '3188aa9376277493b4fa047d29b69339') in 0.036528 seconds 
AssetImportWorkerClient::OnTransportError - code=2 error=End of file
